<<<<<<< HEAD
<<<<<<< HEAD

> @smartgov/auth@0.1.0 dev
> tsc --watch

[1G[0K[2J[3J[H[[90m5:58:50 PM[0m] Starting compilation in watch mode...

=======
=======
>>>>>>> 8ab018494a9a813622579248cec87fd9db791565

> @smartgov/auth@0.1.0 dev
> tsc --watch

<<<<<<< HEAD
[2J[3J[H3:18:21 PM - Starting compilation in watch mode...
=======
[2J[3J[H6:33:59 PM - Starting compilation in watch mode...
>>>>>>> 8ab018494a9a813622579248cec87fd9db791565

src/components/ProtectedRoute.tsx(5,27): error TS2307: Cannot find module '@smartgov/database' or its corresponding type declarations.
src/middleware.ts(4,29): error TS2307: Cannot find module '@smartgov/database' or its corresponding type declarations.

<<<<<<< HEAD
3:18:31 PM - Found 2 errors. Watching for file changes.
[2J[3J[H3:18:32 PM - File change detected. Starting incremental compilation...


>>>>>>> 6c5a2a90b895fe799737953af84eabfa72051d69
=======
6:34:04 PM - Found 2 errors. Watching for file changes.
error TS5083: Cannot read file 'C:/Users/justi/OneDrive/Desktop/thesis/SmartGov/packages/auth/tsconfig.json'.
npm error Lifecycle script `dev` failed with error:
npm error code 1
npm error path C:\Users\justi\OneDrive\Desktop\thesis\SmartGov\packages\auth
npm error workspace @smartgov/auth@0.1.0
npm error location C:\Users\justi\OneDrive\Desktop\thesis\SmartGov\packages\auth
npm error command failed
npm error command C:\WINDOWS\system32\cmd.exe /d /s /c tsc --watch
>>>>>>> 8ab018494a9a813622579248cec87fd9db791565
